mode: set
pgxtest/account/db.go:28.39,31.2 1 1
pgxtest/account/db.go:39.49,41.2 1 1
pgxtest/account/db.go:44.41,46.2 1 1
pgxtest/account/db.go:49.72,51.14 1 1
pgxtest/account/db.go:54.2,57.16 2 1
pgxtest/account/db.go:63.2,66.16 2 1
pgxtest/account/db.go:72.2,72.22 1 1
pgxtest/account/db.go:51.15,51.16 0 0
pgxtest/account/db.go:57.16,59.3 1 0
pgxtest/account/db.go:66.16,68.3 1 0
pgxtest/account/db.go:72.22,72.38 1 1
pgxtest/account/db.go:76.47,81.16 2 1
pgxtest/account/db.go:85.2,96.9 5 1
pgxtest/account/db.go:107.2,107.12 1 1
pgxtest/account/db.go:81.16,83.3 1 0
pgxtest/account/db.go:97.28,98.45 1 0
pgxtest/account/db.go:99.18,100.49 1 0
pgxtest/account/db.go:101.10,104.56 3 1
pgxtest/account/handler.go:21.58,23.2 1 0
pgxtest/account/handler.go:27.60,34.48 2 0
pgxtest/account/handler.go:47.5,50.19 2 0
pgxtest/account/handler.go:63.5,66.6 1 0
pgxtest/account/handler.go:34.48,44.6 2 0
pgxtest/account/handler.go:50.19,60.6 2 0
pgxtest/account/handler.go:69.57,72.19 3 0
pgxtest/account/handler.go:82.5,83.19 2 0
pgxtest/account/handler.go:93.5,93.32 1 0
pgxtest/account/handler.go:72.19,80.6 2 0
pgxtest/account/handler.go:83.19,91.6 2 0
pgxtest/account/model.go:31.35,33.2 1 1
pgxtest/account/model.go:36.32,40.25 1 1
pgxtest/account/model.go:44.5,44.15 1 1
pgxtest/account/model.go:40.25,42.10 1 1
pgxtest/account/repository.go:43.40,45.2 1 1
pgxtest/account/repository.go:48.55,71.19 5 1
pgxtest/account/repository.go:76.5,76.18 1 1
pgxtest/account/repository.go:71.19,73.6 1 1
pgxtest/account/repository.go:80.49,101.19 5 1
pgxtest/account/repository.go:106.5,106.18 1 1
pgxtest/account/repository.go:101.19,103.6 1 1
pgxtest/account/repository.go:110.46,118.19 3 1
pgxtest/account/repository.go:123.5,127.20 3 1
pgxtest/account/repository.go:152.5,152.22 1 1
pgxtest/account/repository.go:118.19,120.6 1 1
pgxtest/account/repository.go:127.20,128.25 1 1
pgxtest/account/repository.go:128.25,142.26 3 1
pgxtest/account/repository.go:147.13,147.37 1 1
pgxtest/account/repository.go:142.26,144.14 1 0
pgxtest/account/repository.go:156.63,180.19 4 1
pgxtest/account/repository.go:185.5,185.18 1 1
pgxtest/account/repository.go:180.19,182.6 1 1
pgxtest/account/repository.go:189.52,206.19 4 1
pgxtest/account/repository.go:211.5,211.18 1 1
pgxtest/account/repository.go:206.19,208.6 1 1
pgxtest/account/service.go:23.52,25.2 1 1
pgxtest/account/service.go:28.67,33.19 2 1
pgxtest/account/service.go:37.5,37.39 1 1
pgxtest/account/service.go:33.19,35.6 1 1
pgxtest/account/service.go:41.61,46.19 2 1
pgxtest/account/service.go:51.5,51.42 1 1
pgxtest/account/service.go:46.19,48.6 1 1
pgxtest/account/service.go:55.58,60.19 2 1
pgxtest/account/service.go:65.5,66.32 2 1
pgxtest/account/service.go:71.5,71.21 1 1
pgxtest/account/service.go:60.19,62.6 1 1
pgxtest/account/service.go:66.32,68.6 1 1
pgxtest/account/service.go:75.75,78.42 1 1
pgxtest/account/service.go:83.5,86.19 2 1
pgxtest/account/service.go:91.5,91.39 1 1
pgxtest/account/service.go:78.42,80.6 1 1
pgxtest/account/service.go:86.19,88.6 1 1
pgxtest/account/service.go:96.64,101.19 2 1
pgxtest/account/service.go:106.5,106.39 1 1
pgxtest/account/service.go:101.19,103.6 1 1
pgxtest/account/service.go:122.46,129.2 1 1
